<?xml version="1.0" encoding="UTF-8"?>
<!-- Generated by org.testng.reporters.JUnitReportReporter -->
<testsuite skipped="0" hostname="DESKTOP-7IHME2E" name="com.rabobank.testcase.EmployeeApiEndpoints" tests="4" failures="0" timestamp="2020-08-15T21:56:58 IST" time="1.485" errors="0">
  <testcase name="createemp" time="0.162" classname="com.rabobank.testcase.EmployeeApiEndpoints"/>
  <system-out/>
  <testcase name="fetchempDetails" time="0.133" classname="com.rabobank.testcase.EmployeeApiEndpoints"/>
  <system-out/>
  <testcase name="updateemp" time="1.018" classname="com.rabobank.testcase.EmployeeApiEndpoints"/>
  <system-out/>
  <testcase name="deleteemp" time="0.172" classname="com.rabobank.testcase.EmployeeApiEndpoints"/>
  <system-out/>
</testsuite> <!-- com.rabobank.testcase.EmployeeApiEndpoints -->
